<?xml version="1.0" encoding="UTF-8"?>
<!-- Generated by org.testng.reporters.JUnitReportReporter -->
<testsuite skipped="0" hostname="Homewin10" name="Log4JPack.Logging1" tests="3" failures="0" timestamp="2021-02-14T19:47:16 EST" time="5.325" errors="0">
  <testcase name="testLogging3" time="0.842" classname="Log4JPack.Logging1"/>
  <system-out/>
  <testcase name="testLogging2" time="1.139" classname="Log4JPack.Logging1"/>
  <system-out/>
  <testcase name="testLogging1" time="3.344" classname="Log4JPack.Logging1"/>
  <system-out/>
</testsuite> <!-- Log4JPack.Logging1 -->
