<?xml version="1.0" encoding="UTF-8"?>
<!-- Generated by org.testng.reporters.JUnitReportReporter -->
<testsuite skipped="0" hostname="Homewin10" name="com.openweather.testcases.OpenWeatherRequest" tests="1" failures="0" timestamp="2021-02-14T19:49:30 EST" time="2.870" errors="0">
  <testcase name="GetRequestSomeCityWeather" time="2.870" classname="com.openweather.testcases.OpenWeatherRequest"/>
  <system-out/>
</testsuite> <!-- com.openweather.testcases.OpenWeatherRequest -->
