<?xml version="1.0" encoding="UTF-8"?>
<!-- Generated by org.testng.reporters.JUnitReportReporter -->
<testsuite skipped="0" hostname="Homewin10" name="Log4JPack.OpenWeatherRequest" tests="4" failures="0" timestamp="2021-02-14T20:07:29 EST" time="2.722" errors="0">
  <testcase name="checkStatusCode" time="0.674" classname="Log4JPack.OpenWeatherRequest"/>
  <system-out/>
  <testcase name="checkStatusLine" time="0.004" classname="Log4JPack.OpenWeatherRequest"/>
  <system-out/>
  <testcase name="GetRequestSomeCityWeather" time="2.040" classname="Log4JPack.OpenWeatherRequest"/>
  <system-out/>
  <testcase name="checkContentType" time="0.004" classname="Log4JPack.OpenWeatherRequest"/>
  <system-out/>
</testsuite> <!-- Log4JPack.OpenWeatherRequest -->
