<?xml version="1.0" encoding="UTF-8"?>
<!-- Generated by org.testng.reporters.JUnitReportReporter -->
<testsuite skipped="0" hostname="Homewin10" name="com.openweather.testcases.ReqresRequests" tests="4" failures="0" timestamp="2021-02-14T19:19:57 EST" time="6.726" errors="0">
  <testcase name="GetListOfUsersRequest" time="5.177" classname="com.openweather.testcases.ReqresRequests"/>
  <system-out/>
  <testcase name="CreateUserRequest" time="0.543" classname="com.openweather.testcases.ReqresRequests"/>
  <system-out/>
  <testcase name="UpdateUserRequest" time="0.505" classname="com.openweather.testcases.ReqresRequests"/>
  <system-out/>
  <testcase name="DeleteUserRequest" time="0.501" classname="com.openweather.testcases.ReqresRequests"/>
  <system-out/>
</testsuite> <!-- com.openweather.testcases.ReqresRequests -->
