<?xml version="1.0" encoding="UTF-8"?>
<!-- Generated by org.testng.reporters.JUnitReportReporter -->
<testsuite skipped="0" hostname="Homewin10" name="Log4JPack.ReqresRequests" tests="4" failures="0" timestamp="2021-02-14T20:37:40 EST" time="5.913" errors="0">
  <testcase name="GetListOfUsersRequest" time="3.744" classname="Log4JPack.ReqresRequests"/>
  <system-out/>
  <testcase name="CreateUserRequest" time="0.535" classname="Log4JPack.ReqresRequests"/>
  <system-out/>
  <testcase name="UpdateUserRequest" time="0.475" classname="Log4JPack.ReqresRequests"/>
  <system-out/>
  <testcase name="DeleteUserRequest" time="1.159" classname="Log4JPack.ReqresRequests"/>
  <system-out/>
</testsuite> <!-- Log4JPack.ReqresRequests -->
